\BOOKMARK [0][-]{chapter.1}{Wstep}{}% 1
\BOOKMARK [1][-]{section.1.1}{Geneza projektu}{chapter.1}% 2
\BOOKMARK [1][-]{section.1.2}{Cel projektu}{chapter.1}% 3
\BOOKMARK [1][-]{section.1.3}{Uzyte technologie oraz programy}{chapter.1}% 4
\BOOKMARK [0][-]{chapter.2}{Wstep teoretyczny}{}% 5
\BOOKMARK [1][-]{section.2.1}{Typy modeli uczenia maszynowego}{chapter.2}% 6
\BOOKMARK [1][-]{section.2.2}{Perceptron - model regresji}{chapter.2}% 7
\BOOKMARK [2][-]{subsection.2.2.1}{Opis Perceptronu}{section.2.2}% 8
\BOOKMARK [2][-]{subsection.2.2.2}{Parametry Perceptronu}{section.2.2}% 9
\BOOKMARK [1][-]{section.2.3}{Optymalizacja wyjsc modelu}{chapter.2}% 10
\BOOKMARK [0][-]{chapter.3}{Proponowane rozwiazanie}{}% 11
\BOOKMARK [0][-]{chapter.4}{PSP - Pederastian Simulator Project}{}% 12
\BOOKMARK [1][-]{section.4.1}{Opis}{chapter.4}% 13
\BOOKMARK [1][-]{section.4.2}{Spos\363b uzycia}{chapter.4}% 14
\BOOKMARK [1][-]{section.4.3}{Dane wejsciowe i wyjsciowe}{chapter.4}% 15
\BOOKMARK [0][-]{chapter.5}{Budowa modelu uczenia maszynowego}{}% 16
\BOOKMARK [1][-]{section.5.1}{Zebranie danych}{chapter.5}% 17
\BOOKMARK [1][-]{section.5.2}{Pierwszy model - tworzenie i analiza}{chapter.5}% 18
\BOOKMARK [1][-]{section.5.3}{Normalizacja danych}{chapter.5}% 19
\BOOKMARK [1][-]{section.5.4}{Drugi model - tworzenie i analiza}{chapter.5}% 20
\BOOKMARK [1][-]{section.5.5}{Zwiekszenie stopnia skomplikowania modelu}{chapter.5}% 21
\BOOKMARK [1][-]{section.5.6}{Usrednianie danych}{chapter.5}% 22
\BOOKMARK [1][-]{section.5.7}{Regularyzacja modelu}{chapter.5}% 23
\BOOKMARK [1][-]{section.5.8}{Badanie danych}{chapter.5}% 24
\BOOKMARK [1][-]{section.5.9}{Zebranie wiekszej ilosci danych}{chapter.5}% 25
\BOOKMARK [1][-]{section.5.10}{Podsumowanie}{chapter.5}% 26
\BOOKMARK [0][-]{chapter.6}{Optymalizacja modelu}{}% 27
\BOOKMARK [1][-]{section.6.1}{Proces optymalizacji modelu}{chapter.6}% 28
\BOOKMARK [1][-]{section.6.2}{Podsumowanie}{chapter.6}% 29
\BOOKMARK [0][-]{chapter.7}{Podsumowanie projektu}{}% 30
\BOOKMARK [1][-]{section.7.1}{Podsumowanie procesu zbierania danych}{chapter.7}% 31
\BOOKMARK [1][-]{section.7.2}{Podsumowanie budowy modelu}{chapter.7}% 32
\BOOKMARK [1][-]{section.7.3}{Optymalizacja wyjsc modelu}{chapter.7}% 33
