\BOOKMARK [0][-]{chapter.1}{Wstep}{}% 1
\BOOKMARK [1][-]{section.1.1}{Geneza projektu}{chapter.1}% 2
\BOOKMARK [1][-]{section.1.2}{Cel projektu}{chapter.1}% 3
\BOOKMARK [1][-]{section.1.3}{Uzyte technologie oraz programy}{chapter.1}% 4
\BOOKMARK [1][-]{section.1.4}{Proponowane rozwiazanie}{chapter.1}% 5
\BOOKMARK [0][-]{chapter.2}{PSP - Pederastian Simulator Project}{}% 6
\BOOKMARK [1][-]{section.2.1}{Opis}{chapter.2}% 7
\BOOKMARK [1][-]{section.2.2}{Spos\363b uzycia}{chapter.2}% 8
\BOOKMARK [1][-]{section.2.3}{Dane wejsciowe i wyjsciowe}{chapter.2}% 9
\BOOKMARK [0][-]{chapter.3}{Budowa modelu uczenia maszynowego}{}% 10
\BOOKMARK [1][-]{section.3.1}{Zebranie danych}{chapter.3}% 11
\BOOKMARK [1][-]{section.3.2}{Opis modelu Perceptron}{chapter.3}% 12
\BOOKMARK [1][-]{section.3.3}{Pierwszy model - tworzenie i analiza}{chapter.3}% 13
\BOOKMARK [1][-]{section.3.4}{Normalizacja danych}{chapter.3}% 14
\BOOKMARK [1][-]{section.3.5}{Drugi model - tworzenie i analiza}{chapter.3}% 15
\BOOKMARK [1][-]{section.3.6}{Zwiekszenie stopnia skomplikowania modelu}{chapter.3}% 16
\BOOKMARK [1][-]{section.3.7}{Usrednianie danych}{chapter.3}% 17
\BOOKMARK [1][-]{section.3.8}{Regularyzacja modelu}{chapter.3}% 18
\BOOKMARK [1][-]{section.3.9}{Badanie danych}{chapter.3}% 19
\BOOKMARK [1][-]{section.3.10}{Zebranie wiekszej ilosci danych}{chapter.3}% 20
